<?xml version="1.0" encoding="UTF-8"?>
<testsuite name="com.onlineshop.project.ProjectApplicationTests" tests="1" skipped="0" failures="0" errors="0" timestamp="2022-08-02T04:57:15" hostname="jeong-yeongjin-ui-MacBookAir.local" time="0.332">
  <properties/>
  <testcase name="contextLoads()" classname="com.onlineshop.project.ProjectApplicationTests" time="0.332"/>
  <system-out><![CDATA[13:57:11.693 [Test worker] DEBUG org.springframework.test.context.BootstrapUtils - Instantiating CacheAwareContextLoaderDelegate from class [org.springframework.test.context.cache.DefaultCacheAwareContextLoaderDelegate]
13:57:11.701 [Test worker] DEBUG org.springframework.test.context.BootstrapUtils - Instantiating BootstrapContext using constructor [public org.springframework.test.context.support.DefaultBootstrapContext(java.lang.Class,org.springframework.test.context.CacheAwareContextLoaderDelegate)]
13:57:11.748 [Test worker] DEBUG org.springframework.test.context.BootstrapUtils - Instantiating TestContextBootstrapper for test class [com.onlineshop.project.ProjectApplicationTests] from class [org.springframework.boot.test.context.SpringBootTestContextBootstrapper]
13:57:11.758 [Test worker] INFO org.springframework.boot.test.context.SpringBootTestContextBootstrapper - Neither @ContextConfiguration nor @ContextHierarchy found for test class [com.onlineshop.project.ProjectApplicationTests], using SpringBootContextLoader
13:57:11.764 [Test worker] DEBUG org.springframework.test.context.support.AbstractContextLoader - Did not detect default resource location for test class [com.onlineshop.project.ProjectApplicationTests]: class path resource [com/onlineshop/project/ProjectApplicationTests-context.xml] does not exist
13:57:11.765 [Test worker] DEBUG org.springframework.test.context.support.AbstractContextLoader - Did not detect default resource location for test class [com.onlineshop.project.ProjectApplicationTests]: class path resource [com/onlineshop/project/ProjectApplicationTestsContext.groovy] does not exist
13:57:11.766 [Test worker] INFO org.springframework.test.context.support.AbstractContextLoader - Could not detect default resource locations for test class [com.onlineshop.project.ProjectApplicationTests]: no resource found for suffixes {-context.xml, Context.groovy}.
13:57:11.766 [Test worker] INFO org.springframework.test.context.support.AnnotationConfigContextLoaderUtils - Could not detect default configuration classes for test class [com.onlineshop.project.ProjectApplicationTests]: ProjectApplicationTests does not declare any static, non-private, non-final, nested classes annotated with @Configuration.
13:57:11.823 [Test worker] DEBUG org.springframework.test.context.support.ActiveProfilesUtils - Could not find an 'annotation declaring class' for annotation type [org.springframework.test.context.ActiveProfiles] and class [com.onlineshop.project.ProjectApplicationTests]
13:57:11.887 [Test worker] DEBUG org.springframework.context.annotation.ClassPathScanningCandidateComponentProvider - Identified candidate component class: file [/Users/youngjin/projects/teamprojects/onlineshop/backend-spring/build/classes/java/main/com/onlineshop/project/ProjectApplication.class]
13:57:11.889 [Test worker] INFO org.springframework.boot.test.context.SpringBootTestContextBootstrapper - Found @SpringBootConfiguration com.onlineshop.project.ProjectApplication for test class com.onlineshop.project.ProjectApplicationTests
13:57:11.986 [Test worker] DEBUG org.springframework.boot.test.context.SpringBootTestContextBootstrapper - @TestExecutionListeners is not present for class [com.onlineshop.project.ProjectApplicationTests]: using defaults.
13:57:11.987 [Test worker] INFO org.springframework.boot.test.context.SpringBootTestContextBootstrapper - Loaded default TestExecutionListener class names from location [META-INF/spring.factories]: [org.springframework.boot.test.autoconfigure.restdocs.RestDocsTestExecutionListener, org.springframework.boot.test.autoconfigure.web.client.MockRestServiceServerResetTestExecutionListener, org.springframework.boot.test.autoconfigure.web.servlet.MockMvcPrintOnlyOnFailureTestExecutionListener, org.springframework.boot.test.autoconfigure.web.servlet.WebDriverTestExecutionListener, org.springframework.boot.test.autoconfigure.webservices.client.MockWebServiceServerTestExecutionListener, org.springframework.boot.test.mock.mockito.MockitoTestExecutionListener, org.springframework.boot.test.mock.mockito.ResetMocksTestExecutionListener, org.springframework.test.context.web.ServletTestExecutionListener, org.springframework.test.context.support.DirtiesContextBeforeModesTestExecutionListener, org.springframework.test.context.event.ApplicationEventsTestExecutionListener, org.springframework.test.context.support.DependencyInjectionTestExecutionListener, org.springframework.test.context.support.DirtiesContextTestExecutionListener, org.springframework.test.context.transaction.TransactionalTestExecutionListener, org.springframework.test.context.jdbc.SqlScriptsTestExecutionListener, org.springframework.test.context.event.EventPublishingTestExecutionListener]
13:57:11.995 [Test worker] DEBUG org.springframework.boot.test.context.SpringBootTestContextBootstrapper - Skipping candidate TestExecutionListener [org.springframework.test.context.transaction.TransactionalTestExecutionListener] due to a missing dependency. Specify custom listener classes or make the default listener classes and their required dependencies available. Offending class: [org/springframework/transaction/interceptor/TransactionAttributeSource]
13:57:11.995 [Test worker] DEBUG org.springframework.boot.test.context.SpringBootTestContextBootstrapper - Skipping candidate TestExecutionListener [org.springframework.test.context.jdbc.SqlScriptsTestExecutionListener] due to a missing dependency. Specify custom listener classes or make the default listener classes and their required dependencies available. Offending class: [org/springframework/transaction/interceptor/TransactionAttribute]
13:57:11.995 [Test worker] INFO org.springframework.boot.test.context.SpringBootTestContextBootstrapper - Using TestExecutionListeners: [org.springframework.test.context.web.ServletTestExecutionListener@7d373bcf, org.springframework.test.context.support.DirtiesContextBeforeModesTestExecutionListener@6d6bc158, org.springframework.test.context.event.ApplicationEventsTestExecutionListener@5dda6f9, org.springframework.boot.test.mock.mockito.MockitoTestExecutionListener@10027fc9, org.springframework.boot.test.autoconfigure.SpringBootDependencyInjectionTestExecutionListener@54afd745, org.springframework.test.context.support.DirtiesContextTestExecutionListener@677dbd89, org.springframework.test.context.event.EventPublishingTestExecutionListener@fff25f1, org.springframework.boot.test.autoconfigure.restdocs.RestDocsTestExecutionListener@c00fff0, org.springframework.boot.test.autoconfigure.web.client.MockRestServiceServerResetTestExecutionListener@263f04ca, org.springframework.boot.test.autoconfigure.web.servlet.MockMvcPrintOnlyOnFailureTestExecutionListener@2ca47471, org.springframework.boot.test.autoconfigure.web.servlet.WebDriverTestExecutionListener@5a021cb9, org.springframework.boot.test.autoconfigure.webservices.client.MockWebServiceServerTestExecutionListener@51768776, org.springframework.boot.test.mock.mockito.ResetMocksTestExecutionListener@f31c0c6]
13:57:11.998 [Test worker] DEBUG org.springframework.test.context.support.AbstractDirtiesContextTestExecutionListener - Before test class: context [DefaultTestContext@2b5cb9b2 testClass = ProjectApplicationTests, testInstance = [null], testMethod = [null], testException = [null], mergedContextConfiguration = [WebMergedContextConfiguration@35038141 testClass = ProjectApplicationTests, locations = '{}', classes = '{class com.onlineshop.project.ProjectApplication}', contextInitializerClasses = '[]', activeProfiles = '{}', propertySourceLocations = '{}', propertySourceProperties = '{org.springframework.boot.test.context.SpringBootTestContextBootstrapper=true}', contextCustomizers = set[org.springframework.boot.test.autoconfigure.actuate.metrics.MetricsExportContextCustomizerFactory$DisableMetricExportContextCustomizer@6e6d5d29, org.springframework.boot.test.autoconfigure.properties.PropertyMappingContextCustomizer@0, org.springframework.boot.test.autoconfigure.web.servlet.WebDriverContextCustomizerFactory$Customizer@6475472c, org.springframework.boot.test.context.filter.ExcludeFilterContextCustomizer@3c989952, org.springframework.boot.test.json.DuplicateJsonObjectContextCustomizerFactory$DuplicateJsonObjectContextCustomizer@793138bd, org.springframework.boot.test.mock.mockito.MockitoContextCustomizer@0, org.springframework.boot.test.web.client.TestRestTemplateContextCustomizer@246f8b8b, org.springframework.boot.test.context.SpringBootTestArgs@1, org.springframework.boot.test.context.SpringBootTestWebEnvironment@1f9f6368], resourceBasePath = 'src/main/webapp', contextLoader = 'org.springframework.boot.test.context.SpringBootContextLoader', parent = [null]], attributes = map['org.springframework.test.context.web.ServletTestExecutionListener.activateListener' -> true]], class annotated with @DirtiesContext [false] with mode [null].

  .   ____          _            __ _ _
 /\\ / ___'_ __ _ _(_)_ __  __ _ \ \ \ \
( ( )\___ | '_ | '_| | '_ \/ _` | \ \ \ \
 \\/  ___)| |_)| | | | | || (_| |  ) ) ) )
  '  |____| .__|_| |_|_| |_\__, | / / / /
 =========|_|==============|___/=/_/_/_/
 :: Spring Boot ::                (v2.7.2)

2022-08-02 13:57:12.640  INFO 3733 --- [    Test worker] c.o.project.ProjectApplicationTests      : Starting ProjectApplicationTests using Java 11.0.15.1 on jeong-yeongjin-ui-MacBookAir.local with PID 3733 (started by youngjin in /Users/youngjin/projects/teamprojects/onlineshop/backend-spring)
2022-08-02 13:57:12.643  INFO 3733 --- [    Test worker] c.o.project.ProjectApplicationTests      : No active profile set, falling back to 1 default profile: "default"
2022-08-02 13:57:14.701  INFO 3733 --- [    Test worker] o.s.b.a.w.s.WelcomePageHandlerMapping    : Adding welcome page: class path resource [static/index.html]
2022-08-02 13:57:15.006  INFO 3733 --- [    Test worker] c.o.project.ProjectApplicationTests      : Started ProjectApplicationTests in 2.96 seconds (JVM running for 4.41)
]]></system-out>
  <system-err><![CDATA[]]></system-err>
</testsuite>
